e:\game development\level 02\final project_home\final project_home\debug\vc120.pdb
e:\game development\level 02\final project_home\final project_home\debug\vc120.idb
e:\game development\level 02\final project_home\final project_home\debug\backbuffer.obj
e:\game development\level 02\final project_home\final project_home\debug\backgroundbitmap.obj
e:\game development\level 02\final project_home\final project_home\debug\characterclass.obj
e:\game development\level 02\final project_home\final project_home\debug\derivedshapes.obj
e:\game development\level 02\final project_home\final project_home\debug\functions.obj
e:\game development\level 02\final project_home\final project_home\debug\shape.obj
e:\game development\level 02\final project_home\final project_home\debug\spritegdip.obj
e:\game development\level 02\final project_home\final project_home\debug\winmain.obj
e:\game development\level 02\final project_home\final project_home\debug\final project_2014.res
e:\game development\level 02\final project_home\debug\final project_home.ilk
e:\game development\level 02\final project_home\debug\final project_home.exe
e:\game development\level 02\final project_home\debug\final project_home.pdb
e:\game development\level 02\final project_home\final project_home\debug\final pr.faa11ac0.tlog\cl.read.1.tlog
e:\game development\level 02\final project_home\final project_home\debug\final pr.faa11ac0.tlog\cl.write.1.tlog
e:\game development\level 02\final project_home\final project_home\debug\final pr.faa11ac0.tlog\cl.command.1.tlog
e:\game development\level 02\final project_home\final project_home\debug\final pr.faa11ac0.tlog\rc.read.1.tlog
e:\game development\level 02\final project_home\final project_home\debug\final pr.faa11ac0.tlog\rc.write.1.tlog
e:\game development\level 02\final project_home\final project_home\debug\final pr.faa11ac0.tlog\rc.command.1.tlog
e:\game development\level 02\final project_home\final project_home\debug\final pr.faa11ac0.tlog\link.read.1.tlog
e:\game development\level 02\final project_home\final project_home\debug\final pr.faa11ac0.tlog\link.write.1.tlog
e:\game development\level 02\final project_home\final project_home\debug\final pr.faa11ac0.tlog\link.command.1.tlog
