Build started 07-Apr-14 00:33:40.
     1>Project "E:\C++ PROJECTS\FINAL PROJECT_level 02\FINAL PROJECT_level 02\FINAL PROJECT_level 02.vcxproj" on node 2 (Build target(s)).
     1>ClCompile:
         E:\Microsoft Visual Studio 2013\VC\bin\CL.exe /c /ZI /nologo /W3 /WX- /Od /Oy- /D WIN32 /D _DEBUG /D _WINDOWS /D _UNICODE /D UNICODE /Gm /EHsc /RTC1 /MDd /GS /fp:precise /Zc:wchar_t /Zc:forScope /Fo"Debug\\" /Fd"Debug\vc120.pdb" /Gd /TP /analyze- /errorReport:prompt characterClass.cpp
         characterClass.cpp
       Link:
         E:\Microsoft Visual Studio 2013\VC\bin\link.exe /ERRORREPORT:PROMPT /OUT:"E:\C++ PROJECTS\FINAL PROJECT_level 02\Debug\FINAL PROJECT_level 02.exe" /INCREMENTAL /NOLOGO Debug/TDSoundlib.lib fmod/fmodex_vc.lib kernel32.lib user32.lib gdi32.lib winspool.lib comdlg32.lib advapi32.lib shell32.lib ole32.lib oleaut32.lib uuid.lib odbc32.lib odbccp32.lib /MANIFEST /MANIFESTUAC:"level='asInvoker' uiAccess='false'" /manifest:embed /DEBUG /PDB:"E:\C++ PROJECTS\FINAL PROJECT_level 02\Debug\FINAL PROJECT_level 02.pdb" /SUBSYSTEM:WINDOWS /TLBID:1 /DYNAMICBASE /NXCOMPAT /IMPLIB:"E:\C++ PROJECTS\FINAL PROJECT_level 02\Debug\FINAL PROJECT_level 02.lib" /MACHINE:X86 "Debug\Final Project_2014.res"
         Debug\backbuffer.obj
         Debug\backgroundBitmap.obj
         Debug\characterClass.obj
         Debug\DerivedShapes.obj
         Debug\functions.obj
         Debug\shape.obj
         Debug\spriteGDIP.obj
         Debug\WinMain.obj
     1>TDSoundlib.lib(soundclass.obj) : warning LNK4099: PDB 'vc120.pdb' was not found with 'TDSoundlib.lib(soundclass.obj)' or at 'E:\C++ PROJECTS\FINAL PROJECT_level 02\Debug\vc120.pdb'; linking object as if no debug info
         FINAL PROJECT_level 02.vcxproj -> E:\C++ PROJECTS\FINAL PROJECT_level 02\Debug\FINAL PROJECT_level 02.exe
     1>Done Building Project "E:\C++ PROJECTS\FINAL PROJECT_level 02\FINAL PROJECT_level 02\FINAL PROJECT_level 02.vcxproj" (Build target(s)).

Build succeeded.

Time Elapsed 00:00:02.25
